-Xajruntimetarget:1.5
-1.8
-encoding
UTF-8
-outxml
-source
1.8
-target
1.8
-classpath
/Users/apple/Documents/mavenreps/com/alibaba/fastjson/1.1.20/fastjson-1.1.20.jar:/Users/apple/Documents/mavenreps/org/aspectj/aspectjrt/1.8.9/aspectjrt-1.8.9.jar:/Users/apple/Documents/mavenreps/org/aspectj/aspectjweaver/1.8.9/aspectjweaver-1.8.9.jar:/Users/apple/Documents/mavenreps/org/springframework/spring-core/4.3.6.RELEASE/spring-core-4.3.6.RELEASE.jar:/Users/apple/Documents/mavenreps/org/springframework/spring-orm/4.3.6.RELEASE/spring-orm-4.3.6.RELEASE.jar:/Users/apple/Documents/mavenreps/org/springframework/spring-context/4.3.6.RELEASE/spring-context-4.3.6.RELEASE.jar:/Users/apple/Documents/mavenreps/org/springframework/spring-beans/4.3.6.RELEASE/spring-beans-4.3.6.RELEASE.jar:/Users/apple/Documents/mavenreps/org/springframework/spring-context-support/4.3.6.RELEASE/spring-context-support-4.3.6.RELEASE.jar:/Users/apple/Documents/mavenreps/org/springframework/spring-aop/4.3.6.RELEASE/spring-aop-4.3.6.RELEASE.jar:/Users/apple/Documents/mavenreps/org/springframework/spring-aspects/4.3.6.RELEASE/spring-aspects-4.3.6.RELEASE.jar:/Users/apple/Documents/mavenreps/org/springframework/spring-tx/4.3.6.RELEASE/spring-tx-4.3.6.RELEASE.jar:/Users/apple/Documents/mavenreps/org/springframework/spring-web/4.3.6.RELEASE/spring-web-4.3.6.RELEASE.jar:/Users/apple/Documents/mavenreps/org/springframework/spring-webmvc/4.3.6.RELEASE/spring-webmvc-4.3.6.RELEASE.jar:/Users/apple/Documents/mavenreps/org/springframework/spring-websocket/4.3.6.RELEASE/spring-websocket-4.3.6.RELEASE.jar:/Users/apple/Documents/mavenreps/org/springframework/security/spring-security-core/4.2.1.RELEASE/spring-security-core-4.2.1.RELEASE.jar:/Users/apple/Documents/mavenreps/org/springframework/security/spring-security-config/4.2.1.RELEASE/spring-security-config-4.2.1.RELEASE.jar:/Users/apple/Documents/mavenreps/org/springframework/security/spring-security-web/4.2.1.RELEASE/spring-security-web-4.2.1.RELEASE.jar:/Users/apple/Documents/mavenreps/org/springframework/data/spring-data-commons/1.13.0.RELEASE/spring-data-commons-1.13.0.RELEASE.jar:/Users/apple/Documents/mavenreps/org/springframework/data/spring-data-jpa/1.11.0.RELEASE/spring-data-jpa-1.11.0.RELEASE.jar:/Users/apple/Documents/mavenreps/javax/servlet/javax.servlet-api/3.1.0/javax.servlet-api-3.1.0.jar:/Users/apple/Documents/mavenreps/javax/transaction/javax.transaction-api/1.2/javax.transaction-api-1.2.jar:/Users/apple/Documents/mavenreps/javax/el/javax.el-api/3.0.1-b04/javax.el-api-3.0.1-b04.jar:/Users/apple/Documents/mavenreps/org/glassfish/javax.el/3.0.1-b08/javax.el-3.0.1-b08.jar:/Users/apple/Documents/mavenreps/org/hibernate/javax/persistence/hibernate-jpa-2.1-api/1.0.0.Final/hibernate-jpa-2.1-api-1.0.0.Final.jar:/Users/apple/Documents/mavenreps/org/hibernate/hibernate-core/5.0.11.Final/hibernate-core-5.0.11.Final.jar:/Users/apple/Documents/mavenreps/org/hibernate/hibernate-entitymanager/5.0.11.Final/hibernate-entitymanager-5.0.11.Final.jar:/Users/apple/Documents/mavenreps/org/hibernate/hibernate-validator/5.3.4.Final/hibernate-validator-5.3.4.Final.jar:/Users/apple/Documents/mavenreps/javax/validation/validation-api/1.1.0.Final/validation-api-1.1.0.Final.jar:/Users/apple/Documents/mavenreps/javax/inject/javax.inject/1/javax.inject-1.jar:/Users/apple/Documents/mavenreps/javax/annotation/jsr250-api/1.0/jsr250-api-1.0.jar:/Users/apple/Documents/mavenreps/javax/mail/javax.mail-api/1.5.6/javax.mail-api-1.5.6.jar:/Users/apple/Documents/mavenreps/javax/activation/activation/1.1.1/activation-1.1.1.jar:/Users/apple/Documents/mavenreps/com/fasterxml/jackson/core/jackson-core/2.8.6/jackson-core-2.8.6.jar:/Users/apple/Documents/mavenreps/com/fasterxml/jackson/core/jackson-databind/2.8.6/jackson-databind-2.8.6.jar:/Users/apple/Documents/mavenreps/com/fasterxml/jackson/core/jackson-annotations/2.8.6/jackson-annotations-2.8.6.jar:/Users/apple/Documents/mavenreps/io/springfox/springfox-swagger2/2.5.0/springfox-swagger2-2.5.0.jar:/Users/apple/Documents/mavenreps/io/springfox/springfox-swagger-ui/2.5.0/springfox-swagger-ui-2.5.0.jar:/Users/apple/Documents/mavenreps/io/springfox/springfox-staticdocs/2.5.0/springfox-staticdocs-2.5.0.jar:/Users/apple/Documents/mavenreps/org/modelmapper/modelmapper/0.7.5/modelmapper-0.7.5.jar:/Users/apple/Documents/mavenreps/log4j/log4j/1.2.17/log4j-1.2.17.jar:/Users/apple/Documents/mavenreps/org/slf4j/slf4j-api/1.7.21/slf4j-api-1.7.21.jar:/Users/apple/Documents/mavenreps/org/slf4j/jcl-over-slf4j/1.7.21/jcl-over-slf4j-1.7.21.jar:/Users/apple/Documents/mavenreps/org/slf4j/slf4j-log4j12/1.7.21/slf4j-log4j12-1.7.21.jar:/Users/apple/Documents/mavenreps/org/apache/commons/commons-lang3/3.5/commons-lang3-3.5.jar:/Users/apple/Documents/mavenreps/commons-codec/commons-codec/1.10/commons-codec-1.10.jar:/Users/apple/Documents/mavenreps/commons-io/commons-io/2.5/commons-io-2.5.jar:/Users/apple/Documents/mavenreps/commons-dbcp/commons-dbcp/1.4/commons-dbcp-1.4.jar:/Users/apple/Documents/mavenreps/org/apache/httpcomponents/httpclient/4.5.2/httpclient-4.5.2.jar:/Users/apple/Documents/mavenreps/org/webjars/bootstrap/3.3.6/bootstrap-3.3.6.jar:/Users/apple/Documents/mavenreps/org/webjars/angularjs/1.3.14/angularjs-1.3.14.jar:/Users/apple/Documents/mavenreps/org/webjars/angular-ui-bootstrap/0.12.1-1/angular-ui-bootstrap-0.12.1-1.jar:/Users/apple/Documents/mavenreps/org/webjars/jquery/2.1.3/jquery-2.1.3.jar:/Users/apple/Documents/mavenreps/org/webjars/bootstrap-material-design/0.3.0/bootstrap-material-design-0.3.0.jar:/Users/apple/Documents/mavenreps/org/springframework/spring-test/4.3.6.RELEASE/spring-test-4.3.6.RELEASE.jar:/Users/apple/Documents/mavenreps/junit/junit/4.12/junit-4.12.jar:/Users/apple/Documents/mavenreps/org/hamcrest/hamcrest-all/1.3/hamcrest-all-1.3.jar:/Users/apple/Documents/mavenreps/org/mockito/mockito-core/1.10.19/mockito-core-1.10.19.jar:/Users/apple/Documents/mavenreps/com/jayway/jsonpath/json-path/2.2.0/json-path-2.2.0.jar:/Users/apple/Documents/mavenreps/com/h2database/h2/1.4.193/h2-1.4.193.jar:/Users/apple/Documents/mavenreps/mysql/mysql-connector-java/5.1.40/mysql-connector-java-5.1.40.jar:/Users/apple/Documents/mavenreps/org/springframework/spring-jdbc/4.3.6.RELEASE/spring-jdbc-4.3.6.RELEASE.jar:/Users/apple/Documents/mavenreps/org/springframework/spring-expression/4.3.6.RELEASE/spring-expression-4.3.6.RELEASE.jar:/Users/apple/Documents/mavenreps/aopalliance/aopalliance/1.0/aopalliance-1.0.jar:/Users/apple/Documents/mavenreps/org/jboss/logging/jboss-logging/3.3.0.Final/jboss-logging-3.3.0.Final.jar:/Users/apple/Documents/mavenreps/org/javassist/javassist/3.21.0-GA/javassist-3.21.0-GA.jar:/Users/apple/Documents/mavenreps/antlr/antlr/2.7.7/antlr-2.7.7.jar:/Users/apple/Documents/mavenreps/org/apache/geronimo/specs/geronimo-jta_1.1_spec/1.1.1/geronimo-jta_1.1_spec-1.1.1.jar:/Users/apple/Documents/mavenreps/org/jboss/jandex/2.0.0.Final/jandex-2.0.0.Final.jar:/Users/apple/Documents/mavenreps/dom4j/dom4j/1.6.1/dom4j-1.6.1.jar:/Users/apple/Documents/mavenreps/org/hibernate/common/hibernate-commons-annotations/5.0.1.Final/hibernate-commons-annotations-5.0.1.Final.jar:/Users/apple/Documents/mavenreps/com/fasterxml/classmate/1.3.3/classmate-1.3.3.jar:/Users/apple/Documents/mavenreps/io/swagger/swagger-annotations/1.5.9/swagger-annotations-1.5.9.jar:/Users/apple/Documents/mavenreps/io/swagger/swagger-models/1.5.9/swagger-models-1.5.9.jar:/Users/apple/Documents/mavenreps/io/springfox/springfox-spi/2.5.0/springfox-spi-2.5.0.jar:/Users/apple/Documents/mavenreps/io/springfox/springfox-core/2.5.0/springfox-core-2.5.0.jar:/Users/apple/Documents/mavenreps/io/springfox/springfox-schema/2.5.0/springfox-schema-2.5.0.jar:/Users/apple/Documents/mavenreps/io/springfox/springfox-swagger-common/2.5.0/springfox-swagger-common-2.5.0.jar:/Users/apple/Documents/mavenreps/io/springfox/springfox-spring-web/2.5.0/springfox-spring-web-2.5.0.jar:/Users/apple/Documents/mavenreps/com/google/guava/guava/20.0/guava-20.0.jar:/Users/apple/Documents/mavenreps/org/springframework/plugin/spring-plugin-core/1.2.0.RELEASE/spring-plugin-core-1.2.0.RELEASE.jar:/Users/apple/Documents/mavenreps/org/springframework/plugin/spring-plugin-metadata/1.2.0.RELEASE/spring-plugin-metadata-1.2.0.RELEASE.jar:/Users/apple/Documents/mavenreps/org/mapstruct/mapstruct/1.0.0.Final/mapstruct-1.0.0.Final.jar:/Users/apple/Documents/mavenreps/commons-pool/commons-pool/1.6/commons-pool-1.6.jar:/Users/apple/Documents/mavenreps/org/apache/httpcomponents/httpcore/4.4.6/httpcore-4.4.6.jar:/Applications/XAMPP/xamppfiles/htdocs/p2/target/classes
-aspectpath
/Users/apple/Documents/mavenreps/org/springframework/spring-aspects/4.3.6.RELEASE/spring-aspects-4.3.6.RELEASE.jar
-d
/Applications/XAMPP/xamppfiles/htdocs/p2/target/classes
/Applications/XAMPP/xamppfiles/htdocs/p2/src/main/java/com/sstm888labs/restexample/springmvc/api/GetCodeController.java
/Applications/XAMPP/xamppfiles/htdocs/p2/src/main/java/com/sstm888labs/restexample/springmvc/api/GetTicketController.java
/Applications/XAMPP/xamppfiles/htdocs/p2/src/main/java/com/sstm888labs/restexample/springmvc/api/PingController.java
/Applications/XAMPP/xamppfiles/htdocs/p2/src/main/java/com/sstm888labs/restexample/springmvc/api/post/CommentController.java
/Applications/XAMPP/xamppfiles/htdocs/p2/src/main/java/com/sstm888labs/restexample/springmvc/api/post/EquimentController.java
/Applications/XAMPP/xamppfiles/htdocs/p2/src/main/java/com/sstm888labs/restexample/springmvc/api/post/PostController.java
/Applications/XAMPP/xamppfiles/htdocs/p2/src/main/java/com/sstm888labs/restexample/springmvc/api/post/TestController.java
/Applications/XAMPP/xamppfiles/htdocs/p2/src/main/java/com/sstm888labs/restexample/springmvc/api/RestExceptionHandler.java
/Applications/XAMPP/xamppfiles/htdocs/p2/src/main/java/com/sstm888labs/restexample/springmvc/api/UserController.java
/Applications/XAMPP/xamppfiles/htdocs/p2/src/main/java/com/sstm888labs/restexample/springmvc/ApiErrors.java
/Applications/XAMPP/xamppfiles/htdocs/p2/src/main/java/com/sstm888labs/restexample/springmvc/config/AppConfig.java
/Applications/XAMPP/xamppfiles/htdocs/p2/src/main/java/com/sstm888labs/restexample/springmvc/config/AppInitializer.java
/Applications/XAMPP/xamppfiles/htdocs/p2/src/main/java/com/sstm888labs/restexample/springmvc/config/DataJpaConfig.java
/Applications/XAMPP/xamppfiles/htdocs/p2/src/main/java/com/sstm888labs/restexample/springmvc/config/DataSourceConfig.java
/Applications/XAMPP/xamppfiles/htdocs/p2/src/main/java/com/sstm888labs/restexample/springmvc/config/Jackson2ObjectMapperConfig.java
/Applications/XAMPP/xamppfiles/htdocs/p2/src/main/java/com/sstm888labs/restexample/springmvc/config/JpaConfig.java
/Applications/XAMPP/xamppfiles/htdocs/p2/src/main/java/com/sstm888labs/restexample/springmvc/config/MessageSourceConfig.java
/Applications/XAMPP/xamppfiles/htdocs/p2/src/main/java/com/sstm888labs/restexample/springmvc/config/SecurityConfig.java
/Applications/XAMPP/xamppfiles/htdocs/p2/src/main/java/com/sstm888labs/restexample/springmvc/config/SecurityInitializer.java
/Applications/XAMPP/xamppfiles/htdocs/p2/src/main/java/com/sstm888labs/restexample/springmvc/config/SwaggerConfig.java
/Applications/XAMPP/xamppfiles/htdocs/p2/src/main/java/com/sstm888labs/restexample/springmvc/config/WebConfig.java
/Applications/XAMPP/xamppfiles/htdocs/p2/src/main/java/com/sstm888labs/restexample/springmvc/Constants.java
/Applications/XAMPP/xamppfiles/htdocs/p2/src/main/java/com/sstm888labs/restexample/springmvc/domain/Comment.java
/Applications/XAMPP/xamppfiles/htdocs/p2/src/main/java/com/sstm888labs/restexample/springmvc/domain/Equipment.java
/Applications/XAMPP/xamppfiles/htdocs/p2/src/main/java/com/sstm888labs/restexample/springmvc/domain/EquipmentData.java
/Applications/XAMPP/xamppfiles/htdocs/p2/src/main/java/com/sstm888labs/restexample/springmvc/domain/MyPage.java
/Applications/XAMPP/xamppfiles/htdocs/p2/src/main/java/com/sstm888labs/restexample/springmvc/domain/MyPageImp.java
/Applications/XAMPP/xamppfiles/htdocs/p2/src/main/java/com/sstm888labs/restexample/springmvc/domain/Post.java
/Applications/XAMPP/xamppfiles/htdocs/p2/src/main/java/com/sstm888labs/restexample/springmvc/DTOUtils.java
/Applications/XAMPP/xamppfiles/htdocs/p2/src/main/java/com/sstm888labs/restexample/springmvc/exception/InvalidRequestException.java
/Applications/XAMPP/xamppfiles/htdocs/p2/src/main/java/com/sstm888labs/restexample/springmvc/exception/ResourceNotFoundException.java
/Applications/XAMPP/xamppfiles/htdocs/p2/src/main/java/com/sstm888labs/restexample/springmvc/model/CommentDetails.java
/Applications/XAMPP/xamppfiles/htdocs/p2/src/main/java/com/sstm888labs/restexample/springmvc/model/CommentForm.java
/Applications/XAMPP/xamppfiles/htdocs/p2/src/main/java/com/sstm888labs/restexample/springmvc/model/EquipmentChartDetails.java
/Applications/XAMPP/xamppfiles/htdocs/p2/src/main/java/com/sstm888labs/restexample/springmvc/model/EquipmentDataDetails.java
/Applications/XAMPP/xamppfiles/htdocs/p2/src/main/java/com/sstm888labs/restexample/springmvc/model/EquipmentListDetails.java
/Applications/XAMPP/xamppfiles/htdocs/p2/src/main/java/com/sstm888labs/restexample/springmvc/model/PostDetails.java
/Applications/XAMPP/xamppfiles/htdocs/p2/src/main/java/com/sstm888labs/restexample/springmvc/model/PostForm.java
/Applications/XAMPP/xamppfiles/htdocs/p2/src/main/java/com/sstm888labs/restexample/springmvc/model/ResponseMessage.java
/Applications/XAMPP/xamppfiles/htdocs/p2/src/main/java/com/sstm888labs/restexample/springmvc/repository/CommentRepository.java
/Applications/XAMPP/xamppfiles/htdocs/p2/src/main/java/com/sstm888labs/restexample/springmvc/repository/EquipmentDataRepository.java
/Applications/XAMPP/xamppfiles/htdocs/p2/src/main/java/com/sstm888labs/restexample/springmvc/repository/EquipmentRepository.java
/Applications/XAMPP/xamppfiles/htdocs/p2/src/main/java/com/sstm888labs/restexample/springmvc/repository/EquipmentSpecifications.java
/Applications/XAMPP/xamppfiles/htdocs/p2/src/main/java/com/sstm888labs/restexample/springmvc/repository/PostRepository.java
/Applications/XAMPP/xamppfiles/htdocs/p2/src/main/java/com/sstm888labs/restexample/springmvc/repository/PostSpecifications.java
/Applications/XAMPP/xamppfiles/htdocs/p2/src/main/java/com/sstm888labs/restexample/springmvc/service/BlogService.java
/Applications/XAMPP/xamppfiles/htdocs/p2/src/main/java/com/sstm888labs/restexample/springmvc/service/EquipmentService.java
/Applications/XAMPP/xamppfiles/htdocs/p2/target/generated-sources/java/com/sstm888labs/restexample/springmvc/domain/Comment_.java
/Applications/XAMPP/xamppfiles/htdocs/p2/target/generated-sources/java/com/sstm888labs/restexample/springmvc/domain/Equipment_.java
/Applications/XAMPP/xamppfiles/htdocs/p2/target/generated-sources/java/com/sstm888labs/restexample/springmvc/domain/EquipmentData_.java
/Applications/XAMPP/xamppfiles/htdocs/p2/target/generated-sources/java/com/sstm888labs/restexample/springmvc/domain/Post_.java
